  DgParser.cpp
C:\Users\bd90809\source\Frasaso\Frasaso\DgParser.cpp(35,19): error C2653: 'DgParser': is not a class or namespace name
C:\Users\bd90809\source\Frasaso\Frasaso\DgParser.cpp(36,1): error C4430: missing type specifier - int assumed. Note: C++ does not support default-int
C:\Users\bd90809\source\Frasaso\Frasaso\DgParser.cpp(38,1): warning C4508: 'DgParser': function should return a value; 'void' return type assumed
C:\Users\bd90809\source\Frasaso\Frasaso\DgParser.cpp(45,20): error C2653: 'DgParser': is not a class or namespace name
C:\Users\bd90809\source\Frasaso\Frasaso\DgParser.cpp(45,20): error C2523: '<Unknown>::~DgParser': destructor tag mismatch
C:\Users\bd90809\source\Frasaso\Frasaso\DgParser.cpp(46,1): error C4430: missing type specifier - int assumed. Note: C++ does not support default-int
C:\Users\bd90809\source\Frasaso\Frasaso\DgParser.cpp(45,20): error C2084: function 'int DgParser(void)' already has a body
C:\Users\bd90809\source\Frasaso\Frasaso\DgParser.cpp(35): message : see previous definition of 'DgParser'
  main.cpp
  MultiParser.cpp
C:\Users\bd90809\source\Frasaso\Frasaso\MultiParser.cpp(35,25): error C2653: 'MultiParser': is not a class or namespace name
C:\Users\bd90809\source\Frasaso\Frasaso\MultiParser.cpp(36,1): error C4430: missing type specifier - int assumed. Note: C++ does not support default-int
C:\Users\bd90809\source\Frasaso\Frasaso\MultiParser.cpp(38,1): warning C4508: 'MultiParser': function should return a value; 'void' return type assumed
C:\Users\bd90809\source\Frasaso\Frasaso\MultiParser.cpp(45,26): error C2653: 'MultiParser': is not a class or namespace name
C:\Users\bd90809\source\Frasaso\Frasaso\MultiParser.cpp(45,26): error C2523: '<Unknown>::~MultiParser': destructor tag mismatch
C:\Users\bd90809\source\Frasaso\Frasaso\MultiParser.cpp(46,1): error C4430: missing type specifier - int assumed. Note: C++ does not support default-int
C:\Users\bd90809\source\Frasaso\Frasaso\MultiParser.cpp(45,26): error C2084: function 'int MultiParser(void)' already has a body
C:\Users\bd90809\source\Frasaso\Frasaso\MultiParser.cpp(35): message : see previous definition of 'MultiParser'
  util.cpp
C:\Users\bd90809\source\Frasaso\Frasaso\util.cpp(34,11): error C2653: 'Util': is not a class or namespace name
C:\Users\bd90809\source\Frasaso\Frasaso\util.cpp(34,14): error C4430: missing type specifier - int assumed. Note: C++ does not support default-int
C:\Users\bd90809\source\Frasaso\Frasaso\util.cpp(34,15): warning C4508: 'Util': function should return a value; 'void' return type assumed
C:\Users\bd90809\source\Frasaso\Frasaso\util.cpp(40,12): error C2653: 'Util': is not a class or namespace name
C:\Users\bd90809\source\Frasaso\Frasaso\util.cpp(40,12): error C2523: '<Unknown>::~Util': destructor tag mismatch
C:\Users\bd90809\source\Frasaso\Frasaso\util.cpp(40,15): error C4430: missing type specifier - int assumed. Note: C++ does not support default-int
C:\Users\bd90809\source\Frasaso\Frasaso\util.cpp(40,12): error C2084: function 'int Util(void)' already has a body
C:\Users\bd90809\source\Frasaso\Frasaso\util.cpp(34): message : see previous definition of 'Util'
C:\Users\bd90809\source\Frasaso\Frasaso\util.cpp(47,16): error C2653: 'Util': is not a class or namespace name
C:\Users\bd90809\source\Frasaso\Frasaso\util.cpp(67,24): error C2653: 'Util': is not a class or namespace name
C:\Users\bd90809\source\Frasaso\Frasaso\util.cpp(78,19): error C2653: 'Util': is not a class or namespace name
C:\Users\bd90809\source\Frasaso\Frasaso\util.cpp(89,21): error C2653: 'Util': is not a class or namespace name
C:\Users\bd90809\source\Frasaso\Frasaso\util.cpp(100,21): error C2653: 'Util': is not a class or namespace name
C:\Users\bd90809\source\Frasaso\Frasaso\util.cpp(121,27): error C2653: 'Util': is not a class or namespace name
  Generating Code...
