c:\users\bd90809\source\frasaso\debug\vc142.pdb
c:\users\bd90809\source\frasaso\debug\vc142.idb
c:\users\bd90809\source\frasaso\debug\util.obj
c:\users\bd90809\source\frasaso\debug\padverifone.obj
c:\users\bd90809\source\frasaso\debug\padremote.obj
c:\users\bd90809\source\frasaso\debug\padrba.obj
c:\users\bd90809\source\frasaso\debug\padpax.obj
c:\users\bd90809\source\frasaso\debug\padequinox.obj
c:\users\bd90809\source\frasaso\debug\main.obj
c:\users\bd90809\source\frasaso\debug\parser.obj
c:\users\bd90809\source\frasaso\debug\hostchase.obj
c:\users\bd90809\source\frasaso\debug\frasaso.exe
c:\users\bd90809\source\frasaso\debug\frasaso.ilk
c:\users\bd90809\source\frasaso\debug\frasaso.pdb
c:\users\bd90809\source\frasaso\debug\frasaso.tlog\cl.command.1.tlog
c:\users\bd90809\source\frasaso\debug\frasaso.tlog\cl.read.1.tlog
c:\users\bd90809\source\frasaso\debug\frasaso.tlog\cl.write.1.tlog
c:\users\bd90809\source\frasaso\debug\frasaso.tlog\link.command.1.tlog
c:\users\bd90809\source\frasaso\debug\frasaso.tlog\link.read.1.tlog
c:\users\bd90809\source\frasaso\debug\frasaso.tlog\link.write.1.tlog
