Compiling the CXX compiler identification source file "CMakeCXXCompilerId.cpp" failed.
Compiler: C:/MinGW/bin/g++.exe 
Build flags: 
Id flags:  

The output was:
1
g++.exe: fatal error: cannot execute 'as': CreateProcess: No such file or directory
compilation terminated.


Compiling the CXX compiler identification source file "CMakeCXXCompilerId.cpp" failed.
Compiler: C:/MinGW/bin/g++.exe 
Build flags: 
Id flags: -c 

The output was:
1
g++.exe: fatal error: cannot execute 'as': CreateProcess: No such file or directory
compilation terminated.


Compiling the CXX compiler identification source file "CMakeCXXCompilerId.cpp" failed.
Compiler: C:/MinGW/bin/g++.exe 
Build flags: 
Id flags: --c++ 

The output was:
1
g++.exe: error: unrecognized command line option '--c++'


Compiling the CXX compiler identification source file "CMakeCXXCompilerId.cpp" failed.
Compiler: C:/MinGW/bin/g++.exe 
Build flags: 
Id flags: --ec++ 

The output was:
1
g++.exe: error: unrecognized command line option '--ec++'; did you mean '-Weffc++'?


Compiling the CXX compiler identification source file "CMakeCXXCompilerId.cpp" failed.
Compiler: C:/MinGW/bin/g++.exe 
Build flags: 
Id flags: --target=arm-arm-none-eabi;-mcpu=cortex-m3 

The output was:
1
g++.exe: warning: '-mcpu=' is deprecated; use '-mtune=' or '-march=' instead
g++.exe: error: unrecognized command line option '--target=arm-arm-none-eabi'


Compiling the CXX compiler identification source file "CMakeCXXCompilerId.cpp" failed.
Compiler: C:/MinGW/bin/g++.exe 
Build flags: 
Id flags:  

The output was:
1
g++.exe: fatal error: cannot execute 'as': CreateProcess: No such file or directory
compilation terminated.


Compiling the CXX compiler identification source file "CMakeCXXCompilerId.cpp" failed.
Compiler: C:/MinGW/bin/g++.exe 
Build flags: 
Id flags: -c 

The output was:
1
g++.exe: fatal error: cannot execute 'as': CreateProcess: No such file or directory
compilation terminated.


Compiling the CXX compiler identification source file "CMakeCXXCompilerId.cpp" failed.
Compiler: C:/MinGW/bin/g++.exe 
Build flags: 
Id flags: --c++ 

The output was:
1
g++.exe: error: unrecognized command line option '--c++'


Compiling the CXX compiler identification source file "CMakeCXXCompilerId.cpp" failed.
Compiler: C:/MinGW/bin/g++.exe 
Build flags: 
Id flags: --ec++ 

The output was:
1
g++.exe: error: unrecognized command line option '--ec++'; did you mean '-Weffc++'?


Compiling the CXX compiler identification source file "CMakeCXXCompilerId.cpp" failed.
Compiler: C:/MinGW/bin/g++.exe 
Build flags: 
Id flags: --target=arm-arm-none-eabi;-mcpu=cortex-m3 

The output was:
1
g++.exe: warning: '-mcpu=' is deprecated; use '-mtune=' or '-march=' instead
g++.exe: error: unrecognized command line option '--target=arm-arm-none-eabi'


Checking whether the CXX compiler is IAR using "" did not match "IAR .+ Compiler":
g++.exe: fatal error: no input files
compilation terminated.
Checking whether the CXX compiler is IAR using "" did not match "IAR .+ Compiler":
g++.exe: fatal error: no input files
compilation terminated.
Determining if the CXX compiler works failed with the following output:
Change Dir: C:/Users/bd90809/source/Frasaso/build/CMakeFiles/CMakeTmp

Run Build Command(s):C:/MinGW/bin/mingw32-make.exe cmTC_02a68/fast && C:/MinGW/bin/mingw32-make.exe -f CMakeFiles\cmTC_02a68.dir\build.make CMakeFiles/cmTC_02a68.dir/build
mingw32-make.exe[1]: Entering directory 'C:/Users/bd90809/source/Frasaso/build/CMakeFiles/CMakeTmp'
Building CXX object CMakeFiles/cmTC_02a68.dir/testCXXCompiler.cxx.obj
C:\MinGW\bin\g++.exe     -o CMakeFiles\cmTC_02a68.dir\testCXXCompiler.cxx.obj -c C:\Users\bd90809\source\Frasaso\build\CMakeFiles\CMakeTmp\testCXXCompiler.cxx
g++.exe: fatal error: cannot execute 'as': CreateProcess: No such file or directory
compilation terminated.
CMakeFiles\cmTC_02a68.dir\build.make:64: recipe for target 'CMakeFiles/cmTC_02a68.dir/testCXXCompiler.cxx.obj' failed
mingw32-make.exe[1]: *** [CMakeFiles/cmTC_02a68.dir/testCXXCompiler.cxx.obj] Error 1
mingw32-make.exe[1]: Leaving directory 'C:/Users/bd90809/source/Frasaso/build/CMakeFiles/CMakeTmp'
Makefile:120: recipe for target 'cmTC_02a68/fast' failed
mingw32-make.exe: *** [cmTC_02a68/fast] Error 2



